Analysis & Synthesis report for carry_save_multiplier
Thu Feb 02 12:45:53 2023
Quartus II 64-Bit Version 13.1.0 Build 162 10/23/2013 SJ Web Edition


---------------------
; Table of Contents ;
---------------------
  1. Legal Notice
  2. Analysis & Synthesis Summary
  3. Analysis & Synthesis Settings
  4. Parallel Compilation
  5. Analysis & Synthesis Source Files Read
  6. Analysis & Synthesis Resource Usage Summary
  7. Analysis & Synthesis Resource Utilization by Entity
  8. Registers Removed During Synthesis
  9. General Register Statistics
 10. Port Connectivity Checks: "half_adder:u_half_adder15"
 11. Port Connectivity Checks: "full_adder:u_full_adder14"
 12. Port Connectivity Checks: "full_adder:u_full_adder13"
 13. Port Connectivity Checks: "half_adder:u_half_adder12"
 14. Port Connectivity Checks: "half_adder:u_half_adder11"
 15. Port Connectivity Checks: "full_adder:u_full_adder10"
 16. Port Connectivity Checks: "full_adder:u_full_adder9"
 17. Port Connectivity Checks: "full_adder:u_full_adder8"
 18. Port Connectivity Checks: "half_adder:u_half_adder7"
 19. Port Connectivity Checks: "full_adder:u_full_adder6"
 20. Port Connectivity Checks: "full_adder:u_full_adder5"
 21. Port Connectivity Checks: "full_adder:u_full_adder4"
 22. Port Connectivity Checks: "half_adder:u_half_adder3"
 23. Port Connectivity Checks: "half_adder:u_half_adder2"
 24. Port Connectivity Checks: "half_adder:u_half_adder1"
 25. Port Connectivity Checks: "half_adder:u_half_adder0"
 26. Elapsed Time Per Partition
 27. Analysis & Synthesis Messages



----------------
; Legal Notice ;
----------------
Copyright (C) 1991-2013 Altera Corporation
Your use of Altera Corporation's design tools, logic functions 
and other software and tools, and its AMPP partner logic 
functions, and any output files from any of the foregoing 
(including device programming or simulation files), and any 
associated documentation or information are expressly subject 
to the terms and conditions of the Altera Program License 
Subscription Agreement, Altera MegaCore Function License 
Agreement, or other applicable license agreement, including, 
without limitation, that your use is for the sole purpose of 
programming logic devices manufactured by Altera and sold by 
Altera or its authorized distributors.  Please refer to the 
applicable agreement for further details.



+---------------------------------------------------------------------------------+
; Analysis & Synthesis Summary                                                    ;
+------------------------------------+--------------------------------------------+
; Analysis & Synthesis Status        ; Successful - Thu Feb 02 12:45:53 2023      ;
; Quartus II 64-Bit Version          ; 13.1.0 Build 162 10/23/2013 SJ Web Edition ;
; Revision Name                      ; carry_save_multiplier                      ;
; Top-level Entity Name              ; carry_save_multiplier                      ;
; Family                             ; Cyclone III                                ;
; Total logic elements               ; 22                                         ;
;     Total combinational functions  ; 14                                         ;
;     Dedicated logic registers      ; 15                                         ;
; Total registers                    ; 15                                         ;
; Total pins                         ; 19                                         ;
; Total virtual pins                 ; 0                                          ;
; Total memory bits                  ; 0                                          ;
; Embedded Multiplier 9-bit elements ; 0                                          ;
; Total PLLs                         ; 0                                          ;
+------------------------------------+--------------------------------------------+


+----------------------------------------------------------------------------------------------------------------------------+
; Analysis & Synthesis Settings                                                                                              ;
+----------------------------------------------------------------------------+-----------------------+-----------------------+
; Option                                                                     ; Setting               ; Default Value         ;
+----------------------------------------------------------------------------+-----------------------+-----------------------+
; Device                                                                     ; EP3C16F484C6          ;                       ;
; Top-level entity name                                                      ; carry_save_multiplier ; carry_save_multiplier ;
; Family name                                                                ; Cyclone III           ; Cyclone IV GX         ;
; Use smart compilation                                                      ; Off                   ; Off                   ;
; Enable parallel Assembler and TimeQuest Timing Analyzer during compilation ; On                    ; On                    ;
; Enable compact report table                                                ; Off                   ; Off                   ;
; Restructure Multiplexers                                                   ; Auto                  ; Auto                  ;
; Create Debugging Nodes for IP Cores                                        ; Off                   ; Off                   ;
; Preserve fewer node names                                                  ; On                    ; On                    ;
; Disable OpenCore Plus hardware evaluation                                  ; Off                   ; Off                   ;
; Verilog Version                                                            ; Verilog_2001          ; Verilog_2001          ;
; VHDL Version                                                               ; VHDL_1993             ; VHDL_1993             ;
; State Machine Processing                                                   ; Auto                  ; Auto                  ;
; Safe State Machine                                                         ; Off                   ; Off                   ;
; Extract Verilog State Machines                                             ; On                    ; On                    ;
; Extract VHDL State Machines                                                ; On                    ; On                    ;
; Ignore Verilog initial constructs                                          ; Off                   ; Off                   ;
; Iteration limit for constant Verilog loops                                 ; 5000                  ; 5000                  ;
; Iteration limit for non-constant Verilog loops                             ; 250                   ; 250                   ;
; Add Pass-Through Logic to Inferred RAMs                                    ; On                    ; On                    ;
; Infer RAMs from Raw Logic                                                  ; On                    ; On                    ;
; Parallel Synthesis                                                         ; On                    ; On                    ;
; DSP Block Balancing                                                        ; Auto                  ; Auto                  ;
; NOT Gate Push-Back                                                         ; On                    ; On                    ;
; Power-Up Don't Care                                                        ; On                    ; On                    ;
; Remove Redundant Logic Cells                                               ; Off                   ; Off                   ;
; Remove Duplicate Registers                                                 ; On                    ; On                    ;
; Ignore CARRY Buffers                                                       ; Off                   ; Off                   ;
; Ignore CASCADE Buffers                                                     ; Off                   ; Off                   ;
; Ignore GLOBAL Buffers                                                      ; Off                   ; Off                   ;
; Ignore ROW GLOBAL Buffers                                                  ; Off                   ; Off                   ;
; Ignore LCELL Buffers                                                       ; Off                   ; Off                   ;
; Ignore SOFT Buffers                                                        ; On                    ; On                    ;
; Limit AHDL Integers to 32 Bits                                             ; Off                   ; Off                   ;
; Optimization Technique                                                     ; Balanced              ; Balanced              ;
; Carry Chain Length                                                         ; 70                    ; 70                    ;
; Auto Carry Chains                                                          ; On                    ; On                    ;
; Auto Open-Drain Pins                                                       ; On                    ; On                    ;
; Perform WYSIWYG Primitive Resynthesis                                      ; Off                   ; Off                   ;
; Auto ROM Replacement                                                       ; On                    ; On                    ;
; Auto RAM Replacement                                                       ; On                    ; On                    ;
; Auto DSP Block Replacement                                                 ; On                    ; On                    ;
; Auto Shift Register Replacement                                            ; Auto                  ; Auto                  ;
; Allow Shift Register Merging across Hierarchies                            ; Auto                  ; Auto                  ;
; Auto Clock Enable Replacement                                              ; On                    ; On                    ;
; Strict RAM Replacement                                                     ; Off                   ; Off                   ;
; Allow Synchronous Control Signals                                          ; On                    ; On                    ;
; Force Use of Synchronous Clear Signals                                     ; Off                   ; Off                   ;
; Auto RAM Block Balancing                                                   ; On                    ; On                    ;
; Auto RAM to Logic Cell Conversion                                          ; Off                   ; Off                   ;
; Auto Resource Sharing                                                      ; Off                   ; Off                   ;
; Allow Any RAM Size For Recognition                                         ; Off                   ; Off                   ;
; Allow Any ROM Size For Recognition                                         ; Off                   ; Off                   ;
; Allow Any Shift Register Size For Recognition                              ; Off                   ; Off                   ;
; Use LogicLock Constraints during Resource Balancing                        ; On                    ; On                    ;
; Ignore translate_off and synthesis_off directives                          ; Off                   ; Off                   ;
; Timing-Driven Synthesis                                                    ; On                    ; On                    ;
; Report Parameter Settings                                                  ; On                    ; On                    ;
; Report Source Assignments                                                  ; On                    ; On                    ;
; Report Connectivity Checks                                                 ; On                    ; On                    ;
; Ignore Maximum Fan-Out Assignments                                         ; Off                   ; Off                   ;
; Synchronization Register Chain Length                                      ; 2                     ; 2                     ;
; PowerPlay Power Optimization                                               ; Normal compilation    ; Normal compilation    ;
; HDL message level                                                          ; Level2                ; Level2                ;
; Suppress Register Optimization Related Messages                            ; Off                   ; Off                   ;
; Number of Removed Registers Reported in Synthesis Report                   ; 5000                  ; 5000                  ;
; Number of Swept Nodes Reported in Synthesis Report                         ; 5000                  ; 5000                  ;
; Number of Inverted Registers Reported in Synthesis Report                  ; 100                   ; 100                   ;
; Clock MUX Protection                                                       ; On                    ; On                    ;
; Auto Gated Clock Conversion                                                ; Off                   ; Off                   ;
; Block Design Naming                                                        ; Auto                  ; Auto                  ;
; SDC constraint protection                                                  ; Off                   ; Off                   ;
; Synthesis Effort                                                           ; Auto                  ; Auto                  ;
; Shift Register Replacement - Allow Asynchronous Clear Signal               ; On                    ; On                    ;
; Pre-Mapping Resynthesis Optimization                                       ; Off                   ; Off                   ;
; Analysis & Synthesis Message Level                                         ; Medium                ; Medium                ;
; Disable Register Merging Across Hierarchies                                ; Auto                  ; Auto                  ;
; Resource Aware Inference For Block RAM                                     ; On                    ; On                    ;
; Synthesis Seed                                                             ; 1                     ; 1                     ;
+----------------------------------------------------------------------------+-----------------------+-----------------------+


+------------------------------------------+
; Parallel Compilation                     ;
+----------------------------+-------------+
; Processors                 ; Number      ;
+----------------------------+-------------+
; Number detected on machine ; 8           ;
; Maximum allowed            ; 4           ;
;                            ;             ;
; Average used               ; 1.00        ;
; Maximum used               ; 1           ;
;                            ;             ;
; Usage by Processor         ; % Time Used ;
;     Processor 1            ; 100.0%      ;
;     Processors 2-8         ;   0.0%      ;
+----------------------------+-------------+


+-----------------------------------------------------------------------------------------------------------------------------------------------------------------------------------------------------------------------------------+
; Analysis & Synthesis Source Files Read                                                                                                                                                                                            ;
+-------------------------------------------------------+-----------------+------------------------+----------------------------------------------------------------------------------------------------------------------+---------+
; File Name with User-Entered Path                      ; Used in Netlist ; File Type              ; File Name with Absolute Path                                                                                         ; Library ;
+-------------------------------------------------------+-----------------+------------------------+----------------------------------------------------------------------------------------------------------------------+---------+
; half_adder/src/rtl/half_adder.v                       ; yes             ; User Verilog HDL File  ; C:/2023winter_vacation/project(1)/lab01_carry_save_multipliter/half_adder/src/rtl/half_adder.v                       ;         ;
; full_adder/src/rtl/full_adder.v                       ; yes             ; User Verilog HDL File  ; C:/2023winter_vacation/project(1)/lab01_carry_save_multipliter/full_adder/src/rtl/full_adder.v                       ;         ;
; carry_save_multiplier/src/rtl/carry_save_multiplier.v ; yes             ; User Verilog HDL File  ; C:/2023winter_vacation/project(1)/lab01_carry_save_multipliter/carry_save_multiplier/src/rtl/carry_save_multiplier.v ;         ;
+-------------------------------------------------------+-----------------+------------------------+----------------------------------------------------------------------------------------------------------------------+---------+


+---------------------------------------------------------+
; Analysis & Synthesis Resource Usage Summary             ;
+---------------------------------------------+-----------+
; Resource                                    ; Usage     ;
+---------------------------------------------+-----------+
; Estimated Total logic elements              ; 22        ;
;                                             ;           ;
; Total combinational functions               ; 14        ;
; Logic element usage by number of LUT inputs ;           ;
;     -- 4 input functions                    ; 3         ;
;     -- 3 input functions                    ; 6         ;
;     -- <=2 input functions                  ; 5         ;
;                                             ;           ;
; Logic elements by mode                      ;           ;
;     -- normal mode                          ; 10        ;
;     -- arithmetic mode                      ; 4         ;
;                                             ;           ;
; Total registers                             ; 15        ;
;     -- Dedicated logic registers            ; 15        ;
;     -- I/O registers                        ; 0         ;
;                                             ;           ;
; I/O pins                                    ; 19        ;
; Embedded Multiplier 9-bit elements          ; 0         ;
; Maximum fan-out node                        ; clk~input ;
; Maximum fan-out                             ; 15        ;
; Total fan-out                               ; 117       ;
; Average fan-out                             ; 1.75      ;
+---------------------------------------------+-----------+


+--------------------------------------------------------------------------------------------------------------------------------------------------------------------------------------------------------------+
; Analysis & Synthesis Resource Utilization by Entity                                                                                                                                                          ;
+--------------------------------+-------------------+--------------+-------------+--------------+---------+-----------+------+--------------+--------------------------------------------------+--------------+
; Compilation Hierarchy Node     ; LC Combinationals ; LC Registers ; Memory Bits ; DSP Elements ; DSP 9x9 ; DSP 18x18 ; Pins ; Virtual Pins ; Full Hierarchy Name                              ; Library Name ;
+--------------------------------+-------------------+--------------+-------------+--------------+---------+-----------+------+--------------+--------------------------------------------------+--------------+
; |carry_save_multiplier         ; 14 (2)            ; 15 (15)      ; 0           ; 0            ; 0       ; 0         ; 19   ; 0            ; |carry_save_multiplier                           ; work         ;
;    |full_adder:u_full_adder10| ; 1 (1)             ; 0 (0)        ; 0           ; 0            ; 0       ; 0         ; 0    ; 0            ; |carry_save_multiplier|full_adder:u_full_adder10 ; work         ;
;    |full_adder:u_full_adder4|  ; 2 (2)             ; 0 (0)        ; 0           ; 0            ; 0       ; 0         ; 0    ; 0            ; |carry_save_multiplier|full_adder:u_full_adder4  ; work         ;
;    |full_adder:u_full_adder8|  ; 2 (2)             ; 0 (0)        ; 0           ; 0            ; 0       ; 0         ; 0    ; 0            ; |carry_save_multiplier|full_adder:u_full_adder8  ; work         ;
;    |full_adder:u_full_adder9|  ; 2 (2)             ; 0 (0)        ; 0           ; 0            ; 0       ; 0         ; 0    ; 0            ; |carry_save_multiplier|full_adder:u_full_adder9  ; work         ;
;    |half_adder:u_half_adder0|  ; 5 (5)             ; 0 (0)        ; 0           ; 0            ; 0       ; 0         ; 0    ; 0            ; |carry_save_multiplier|half_adder:u_half_adder0  ; work         ;
+--------------------------------+-------------------+--------------+-------------+--------------+---------+-----------+------+--------------+--------------------------------------------------+--------------+
Note: For table entries with two numbers listed, the numbers in parentheses indicate the number of resources of the given type used by the specific entity alone. The numbers listed outside of parentheses indicate the total resources of the given type used by the specific entity and all of its sub-entities in the hierarchy.


+--------------------------------------------------------------------------------+
; Registers Removed During Synthesis                                             ;
+---------------------------------------+----------------------------------------+
; Register name                         ; Reason for Removal                     ;
+---------------------------------------+----------------------------------------+
; product[0]~reg0                       ; Stuck at GND due to stuck port data_in ;
; Total Number of Removed Registers = 1 ;                                        ;
+---------------------------------------+----------------------------------------+


+------------------------------------------------------+
; General Register Statistics                          ;
+----------------------------------------------+-------+
; Statistic                                    ; Value ;
+----------------------------------------------+-------+
; Total registers                              ; 15    ;
; Number of registers using Synchronous Clear  ; 0     ;
; Number of registers using Synchronous Load   ; 0     ;
; Number of registers using Asynchronous Clear ; 15    ;
; Number of registers using Asynchronous Load  ; 0     ;
; Number of registers using Clock Enable       ; 8     ;
; Number of registers using Preset             ; 0     ;
+----------------------------------------------+-------+


+--------------------------------------------------------------------------------------------------------------------------------------------------------------------------+
; Port Connectivity Checks: "half_adder:u_half_adder15"                                                                                                                    ;
+-------+--------+----------+----------------------------------------------------------------------------------------------------------------------------------------------+
; Port  ; Type   ; Severity ; Details                                                                                                                                      ;
+-------+--------+----------+----------------------------------------------------------------------------------------------------------------------------------------------+
; c_out ; Output ; Info     ; Connected to dangling logic. Logic that only feeds a dangling port will be removed.                                                          ;
; c_in  ; Input  ; Warning  ; Declared by entity but not connected by instance. If a default value exists, it will be used.  Otherwise, the port will be connected to GND. ;
+-------+--------+----------+----------------------------------------------------------------------------------------------------------------------------------------------+


+----------------------------------------------------------------------------------------------------------------------------------------------------------------------+
; Port Connectivity Checks: "full_adder:u_full_adder14"                                                                                                                ;
+------+--------+----------+-------------------------------------------------------------------------------------------------------------------------------------------+
; Port ; Type   ; Severity ; Details                                                                                                                                   ;
+------+--------+----------+-------------------------------------------------------------------------------------------------------------------------------------------+
; a    ; Input  ; Warning  ; Input port expression (1 bits) is smaller than the input port (4 bits) it drives.  Extra input bit(s) "a[3..1]" will be connected to GND. ;
; b    ; Input  ; Warning  ; Input port expression (1 bits) is smaller than the input port (4 bits) it drives.  Extra input bit(s) "b[3..1]" will be connected to GND. ;
; sum  ; Output ; Warning  ; Output or bidir port (4 bits) is wider than the port expression (1 bits) it drives; bit(s) "sum[3..1]" have no fanouts                    ;
+------+--------+----------+-------------------------------------------------------------------------------------------------------------------------------------------+


+----------------------------------------------------------------------------------------------------------------------------------------------------------------------+
; Port Connectivity Checks: "full_adder:u_full_adder13"                                                                                                                ;
+------+--------+----------+-------------------------------------------------------------------------------------------------------------------------------------------+
; Port ; Type   ; Severity ; Details                                                                                                                                   ;
+------+--------+----------+-------------------------------------------------------------------------------------------------------------------------------------------+
; a    ; Input  ; Warning  ; Input port expression (1 bits) is smaller than the input port (4 bits) it drives.  Extra input bit(s) "a[3..1]" will be connected to GND. ;
; b    ; Input  ; Warning  ; Input port expression (1 bits) is smaller than the input port (4 bits) it drives.  Extra input bit(s) "b[3..1]" will be connected to GND. ;
; sum  ; Output ; Warning  ; Output or bidir port (4 bits) is wider than the port expression (1 bits) it drives; bit(s) "sum[3..1]" have no fanouts                    ;
+------+--------+----------+-------------------------------------------------------------------------------------------------------------------------------------------+


+------------------------------------------------------------------------------------------------------------------------------------------------------------------------+
; Port Connectivity Checks: "half_adder:u_half_adder12"                                                                                                                  ;
+------+-------+----------+----------------------------------------------------------------------------------------------------------------------------------------------+
; Port ; Type  ; Severity ; Details                                                                                                                                      ;
+------+-------+----------+----------------------------------------------------------------------------------------------------------------------------------------------+
; c_in ; Input ; Warning  ; Declared by entity but not connected by instance. If a default value exists, it will be used.  Otherwise, the port will be connected to GND. ;
+------+-------+----------+----------------------------------------------------------------------------------------------------------------------------------------------+


+------------------------------------------------------------------------------------------------------------------------------------------------------------------------+
; Port Connectivity Checks: "half_adder:u_half_adder11"                                                                                                                  ;
+------+-------+----------+----------------------------------------------------------------------------------------------------------------------------------------------+
; Port ; Type  ; Severity ; Details                                                                                                                                      ;
+------+-------+----------+----------------------------------------------------------------------------------------------------------------------------------------------+
; c_in ; Input ; Warning  ; Declared by entity but not connected by instance. If a default value exists, it will be used.  Otherwise, the port will be connected to GND. ;
+------+-------+----------+----------------------------------------------------------------------------------------------------------------------------------------------+


+----------------------------------------------------------------------------------------------------------------------------------------------------------------------+
; Port Connectivity Checks: "full_adder:u_full_adder10"                                                                                                                ;
+------+--------+----------+-------------------------------------------------------------------------------------------------------------------------------------------+
; Port ; Type   ; Severity ; Details                                                                                                                                   ;
+------+--------+----------+-------------------------------------------------------------------------------------------------------------------------------------------+
; a    ; Input  ; Warning  ; Input port expression (1 bits) is smaller than the input port (4 bits) it drives.  Extra input bit(s) "a[3..1]" will be connected to GND. ;
; b    ; Input  ; Warning  ; Input port expression (1 bits) is smaller than the input port (4 bits) it drives.  Extra input bit(s) "b[3..1]" will be connected to GND. ;
; sum  ; Output ; Warning  ; Output or bidir port (4 bits) is wider than the port expression (1 bits) it drives; bit(s) "sum[3..1]" have no fanouts                    ;
+------+--------+----------+-------------------------------------------------------------------------------------------------------------------------------------------+


+----------------------------------------------------------------------------------------------------------------------------------------------------------------------+
; Port Connectivity Checks: "full_adder:u_full_adder9"                                                                                                                 ;
+------+--------+----------+-------------------------------------------------------------------------------------------------------------------------------------------+
; Port ; Type   ; Severity ; Details                                                                                                                                   ;
+------+--------+----------+-------------------------------------------------------------------------------------------------------------------------------------------+
; a    ; Input  ; Warning  ; Input port expression (1 bits) is smaller than the input port (4 bits) it drives.  Extra input bit(s) "a[3..1]" will be connected to GND. ;
; b    ; Input  ; Warning  ; Input port expression (1 bits) is smaller than the input port (4 bits) it drives.  Extra input bit(s) "b[3..1]" will be connected to GND. ;
; sum  ; Output ; Warning  ; Output or bidir port (4 bits) is wider than the port expression (1 bits) it drives; bit(s) "sum[3..1]" have no fanouts                    ;
+------+--------+----------+-------------------------------------------------------------------------------------------------------------------------------------------+


+----------------------------------------------------------------------------------------------------------------------------------------------------------------------+
; Port Connectivity Checks: "full_adder:u_full_adder8"                                                                                                                 ;
+------+--------+----------+-------------------------------------------------------------------------------------------------------------------------------------------+
; Port ; Type   ; Severity ; Details                                                                                                                                   ;
+------+--------+----------+-------------------------------------------------------------------------------------------------------------------------------------------+
; a    ; Input  ; Warning  ; Input port expression (1 bits) is smaller than the input port (4 bits) it drives.  Extra input bit(s) "a[3..1]" will be connected to GND. ;
; b    ; Input  ; Warning  ; Input port expression (1 bits) is smaller than the input port (4 bits) it drives.  Extra input bit(s) "b[3..1]" will be connected to GND. ;
; sum  ; Output ; Warning  ; Output or bidir port (4 bits) is wider than the port expression (1 bits) it drives; bit(s) "sum[3..1]" have no fanouts                    ;
+------+--------+----------+-------------------------------------------------------------------------------------------------------------------------------------------+


+------------------------------------------------------------------------------------------------------------------------------------------------------------------------+
; Port Connectivity Checks: "half_adder:u_half_adder7"                                                                                                                   ;
+------+-------+----------+----------------------------------------------------------------------------------------------------------------------------------------------+
; Port ; Type  ; Severity ; Details                                                                                                                                      ;
+------+-------+----------+----------------------------------------------------------------------------------------------------------------------------------------------+
; c_in ; Input ; Warning  ; Declared by entity but not connected by instance. If a default value exists, it will be used.  Otherwise, the port will be connected to GND. ;
+------+-------+----------+----------------------------------------------------------------------------------------------------------------------------------------------+


+----------------------------------------------------------------------------------------------------------------------------------------------------------------------+
; Port Connectivity Checks: "full_adder:u_full_adder6"                                                                                                                 ;
+------+--------+----------+-------------------------------------------------------------------------------------------------------------------------------------------+
; Port ; Type   ; Severity ; Details                                                                                                                                   ;
+------+--------+----------+-------------------------------------------------------------------------------------------------------------------------------------------+
; a    ; Input  ; Warning  ; Input port expression (1 bits) is smaller than the input port (4 bits) it drives.  Extra input bit(s) "a[3..1]" will be connected to GND. ;
; b    ; Input  ; Warning  ; Input port expression (1 bits) is smaller than the input port (4 bits) it drives.  Extra input bit(s) "b[3..1]" will be connected to GND. ;
; sum  ; Output ; Warning  ; Output or bidir port (4 bits) is wider than the port expression (1 bits) it drives; bit(s) "sum[3..1]" have no fanouts                    ;
+------+--------+----------+-------------------------------------------------------------------------------------------------------------------------------------------+


+----------------------------------------------------------------------------------------------------------------------------------------------------------------------+
; Port Connectivity Checks: "full_adder:u_full_adder5"                                                                                                                 ;
+------+--------+----------+-------------------------------------------------------------------------------------------------------------------------------------------+
; Port ; Type   ; Severity ; Details                                                                                                                                   ;
+------+--------+----------+-------------------------------------------------------------------------------------------------------------------------------------------+
; a    ; Input  ; Warning  ; Input port expression (1 bits) is smaller than the input port (4 bits) it drives.  Extra input bit(s) "a[3..1]" will be connected to GND. ;
; b    ; Input  ; Warning  ; Input port expression (1 bits) is smaller than the input port (4 bits) it drives.  Extra input bit(s) "b[3..1]" will be connected to GND. ;
; sum  ; Output ; Warning  ; Output or bidir port (4 bits) is wider than the port expression (1 bits) it drives; bit(s) "sum[3..1]" have no fanouts                    ;
+------+--------+----------+-------------------------------------------------------------------------------------------------------------------------------------------+


+----------------------------------------------------------------------------------------------------------------------------------------------------------------------+
; Port Connectivity Checks: "full_adder:u_full_adder4"                                                                                                                 ;
+------+--------+----------+-------------------------------------------------------------------------------------------------------------------------------------------+
; Port ; Type   ; Severity ; Details                                                                                                                                   ;
+------+--------+----------+-------------------------------------------------------------------------------------------------------------------------------------------+
; a    ; Input  ; Warning  ; Input port expression (1 bits) is smaller than the input port (4 bits) it drives.  Extra input bit(s) "a[3..1]" will be connected to GND. ;
; b    ; Input  ; Warning  ; Input port expression (1 bits) is smaller than the input port (4 bits) it drives.  Extra input bit(s) "b[3..1]" will be connected to GND. ;
; sum  ; Output ; Warning  ; Output or bidir port (4 bits) is wider than the port expression (1 bits) it drives; bit(s) "sum[3..1]" have no fanouts                    ;
+------+--------+----------+-------------------------------------------------------------------------------------------------------------------------------------------+


+------------------------------------------------------------------------------------------------------------------------------------------------------------------------+
; Port Connectivity Checks: "half_adder:u_half_adder3"                                                                                                                   ;
+------+-------+----------+----------------------------------------------------------------------------------------------------------------------------------------------+
; Port ; Type  ; Severity ; Details                                                                                                                                      ;
+------+-------+----------+----------------------------------------------------------------------------------------------------------------------------------------------+
; c_in ; Input ; Warning  ; Declared by entity but not connected by instance. If a default value exists, it will be used.  Otherwise, the port will be connected to GND. ;
+------+-------+----------+----------------------------------------------------------------------------------------------------------------------------------------------+


+-------------------------------------------------------------------------------------------------------------------------------------------------------------------------+
; Port Connectivity Checks: "half_adder:u_half_adder2"                                                                                                                    ;
+------+--------+----------+----------------------------------------------------------------------------------------------------------------------------------------------+
; Port ; Type   ; Severity ; Details                                                                                                                                      ;
+------+--------+----------+----------------------------------------------------------------------------------------------------------------------------------------------+
; sum  ; Output ; Info     ; Connected to dangling logic. Logic that only feeds a dangling port will be removed.                                                          ;
; c_in ; Input  ; Warning  ; Declared by entity but not connected by instance. If a default value exists, it will be used.  Otherwise, the port will be connected to GND. ;
+------+--------+----------+----------------------------------------------------------------------------------------------------------------------------------------------+


+------------------------------------------------------------------------------------------------------------------------------------------------------------------------+
; Port Connectivity Checks: "half_adder:u_half_adder1"                                                                                                                   ;
+------+-------+----------+----------------------------------------------------------------------------------------------------------------------------------------------+
; Port ; Type  ; Severity ; Details                                                                                                                                      ;
+------+-------+----------+----------------------------------------------------------------------------------------------------------------------------------------------+
; c_in ; Input ; Warning  ; Declared by entity but not connected by instance. If a default value exists, it will be used.  Otherwise, the port will be connected to GND. ;
+------+-------+----------+----------------------------------------------------------------------------------------------------------------------------------------------+


+------------------------------------------------------------------------------------------------------------------------------------------------------------------------+
; Port Connectivity Checks: "half_adder:u_half_adder0"                                                                                                                   ;
+------+-------+----------+----------------------------------------------------------------------------------------------------------------------------------------------+
; Port ; Type  ; Severity ; Details                                                                                                                                      ;
+------+-------+----------+----------------------------------------------------------------------------------------------------------------------------------------------+
; c_in ; Input ; Warning  ; Declared by entity but not connected by instance. If a default value exists, it will be used.  Otherwise, the port will be connected to GND. ;
+------+-------+----------+----------------------------------------------------------------------------------------------------------------------------------------------+


+-------------------------------+
; Elapsed Time Per Partition    ;
+----------------+--------------+
; Partition Name ; Elapsed Time ;
+----------------+--------------+
; Top            ; 00:00:00     ;
+----------------+--------------+


+-------------------------------+
; Analysis & Synthesis Messages ;
+-------------------------------+
Info: *******************************************************************
Info: Running Quartus II 64-Bit Analysis & Synthesis
    Info: Version 13.1.0 Build 162 10/23/2013 SJ Web Edition
    Info: Processing started: Thu Feb 02 12:45:53 2023
Info: Command: quartus_map --read_settings_files=on --write_settings_files=off carry_save_multiplier -c carry_save_multiplier
Info (11104): Parallel Compilation has detected 8 hyper-threaded processors. However, the extra hyper-threaded processors will not be used by default. Parallel Compilation will use 4 of the 4 physical processors detected instead.
Info (12021): Found 1 design units, including 1 entities, in source file half_adder/src/rtl/half_adder.v
    Info (12023): Found entity 1: half_adder
Info (12021): Found 1 design units, including 1 entities, in source file full_adder/src/rtl/full_adder.v
    Info (12023): Found entity 1: full_adder
Info (12021): Found 1 design units, including 1 entities, in source file carry_save_multiplier/src/rtl/carry_save_multiplier.v
    Info (12023): Found entity 1: carry_save_multiplier
Info (12127): Elaborating entity "carry_save_multiplier" for the top level hierarchy
Warning (10030): Net "M[0]" at carry_save_multiplier.v(32) has no driver or initial value, using a default initial value '0'
Info (12128): Elaborating entity "half_adder" for hierarchy "half_adder:u_half_adder0"
Info (12128): Elaborating entity "full_adder" for hierarchy "full_adder:u_full_adder4"
Warning (12241): 16 hierarchies have connectivity warnings - see the Connectivity Checks report folder
Warning (13024): Output pins are stuck at VCC or GND
    Warning (13410): Pin "product[0]" is stuck at GND
Info (286030): Timing-Driven Synthesis is running
Info (16010): Generating hard_block partition "hard_block:auto_generated_inst"
    Info (16011): Adding 0 node(s), including 0 DDIO, 0 PLL, 0 transceiver and 0 LCELL
Info (21057): Implemented 41 device resources after synthesis - the final resource count might be different
    Info (21058): Implemented 11 input pins
    Info (21059): Implemented 8 output pins
    Info (21061): Implemented 22 logic cells
Info: Quartus II 64-Bit Analysis & Synthesis was successful. 0 errors, 4 warnings
    Info: Peak virtual memory: 4640 megabytes
    Info: Processing ended: Thu Feb 02 12:45:53 2023
    Info: Elapsed time: 00:00:00
    Info: Total CPU time (on all processors): 00:00:01


